  main.cpp
C:\code\OOP\OOP-TH\24521556_NGUYEN TRAN TAI\main.cpp(31,13): warning C4566: character represented by universal-character-name '\u1EA1' cannot be represented in the current code page (1252)
C:\code\OOP\OOP-TH\24521556_NGUYEN TRAN TAI\main.cpp(31,13): warning C4566: character represented by universal-character-name '\u0111' cannot be represented in the current code page (1252)
C:\code\OOP\OOP-TH\24521556_NGUYEN TRAN TAI\main.cpp(31,13): warning C4566: character represented by universal-character-name '\u1ED9' cannot be represented in the current code page (1252)
C:\code\OOP\OOP-TH\24521556_NGUYEN TRAN TAI\main.cpp(31,13): warning C4566: character represented by universal-character-name '\u1EC3' cannot be represented in the current code page (1252)
C:\code\OOP\OOP-TH\24521556_NGUYEN TRAN TAI\main.cpp(31,13): warning C4566: character represented by universal-character-name '\u01B0' cannot be represented in the current code page (1252)
C:\code\OOP\OOP-TH\24521556_NGUYEN TRAN TAI\main.cpp(36,13): warning C4566: character represented by universal-character-name '\u1EA1' cannot be represented in the current code page (1252)
C:\code\OOP\OOP-TH\24521556_NGUYEN TRAN TAI\main.cpp(36,13): warning C4566: character represented by universal-character-name '\u0111' cannot be represented in the current code page (1252)
C:\code\OOP\OOP-TH\24521556_NGUYEN TRAN TAI\main.cpp(36,13): warning C4566: character represented by universal-character-name '\u1ED9' cannot be represented in the current code page (1252)
C:\code\OOP\OOP-TH\24521556_NGUYEN TRAN TAI\main.cpp(36,13): warning C4566: character represented by universal-character-name '\u1ED5' cannot be represented in the current code page (1252)
C:\code\OOP\OOP-TH\24521556_NGUYEN TRAN TAI\main.cpp(38,38): warning C4566: character represented by universal-character-name '\u1EC1' cannot be represented in the current code page (1252)
C:\code\OOP\OOP-TH\24521556_NGUYEN TRAN TAI\main.cpp(38,49): warning C4566: character represented by universal-character-name '\u1ED1' cannot be represented in the current code page (1252)
C:\code\OOP\OOP-TH\24521556_NGUYEN TRAN TAI\main.cpp(48,13): warning C4566: character represented by universal-character-name '\u1EA1' cannot be represented in the current code page (1252)
C:\code\OOP\OOP-TH\24521556_NGUYEN TRAN TAI\main.cpp(48,13): warning C4566: character represented by universal-character-name '\u0111' cannot be represented in the current code page (1252)
C:\code\OOP\OOP-TH\24521556_NGUYEN TRAN TAI\main.cpp(48,13): warning C4566: character represented by universal-character-name '\u1ED9' cannot be represented in the current code page (1252)
C:\code\OOP\OOP-TH\24521556_NGUYEN TRAN TAI\main.cpp(48,13): warning C4566: character represented by universal-character-name '\u01B0' cannot be represented in the current code page (1252)
C:\code\OOP\OOP-TH\24521556_NGUYEN TRAN TAI\main.cpp(48,13): warning C4566: character represented by universal-character-name '\u1EA5' cannot be represented in the current code page (1252)
C:\code\OOP\OOP-TH\24521556_NGUYEN TRAN TAI\main.cpp(48,13): warning C4566: character represented by universal-character-name '\u1ED7' cannot be represented in the current code page (1252)
C:\code\OOP\OOP-TH\24521556_NGUYEN TRAN TAI\main.cpp(48,13): warning C4566: character represented by universal-character-name '\u1ED5' cannot be represented in the current code page (1252)
C:\code\OOP\OOP-TH\24521556_NGUYEN TRAN TAI\main.cpp(59,55): warning C4566: character represented by universal-character-name '\u01AF' cannot be represented in the current code page (1252)
  TH_OOP.vcxproj -> C:\code\OOP\OOP-TH\24521556_NGUYEN TRAN TAI\x64\Debug\24521556_NGUYEN TRAN TAI.exe
