  main.cpp
  NgayThangNam.cpp
C:\code\OOP\OOP-LT\TH2-24521556\TH2-Bai5\main.cpp(29,11): error C2660: 'NgayThangNam::TangNgay': function does not take 1 arguments
      C:\code\OOP\OOP-LT\TH2-24521556\TH2-Bai5\NgayThangNam.h(38,10):
      see declaration of 'NgayThangNam::TangNgay'
      C:\code\OOP\OOP-LT\TH2-24521556\TH2-Bai5\main.cpp(29,11):
      while trying to match the argument list '(int)'
  
C:\code\OOP\OOP-LT\TH2-24521556\TH2-Bai5\main.cpp(32,11): error C2660: 'NgayThangNam::GiamNgay': function does not take 1 arguments
      C:\code\OOP\OOP-LT\TH2-24521556\TH2-Bai5\NgayThangNam.h(39,10):
      see declaration of 'NgayThangNam::GiamNgay'
      C:\code\OOP\OOP-LT\TH2-24521556\TH2-Bai5\main.cpp(32,11):
      while trying to match the argument list '(int)'
  
C:\code\OOP\OOP-LT\TH2-24521556\TH2-Bai5\NgayThangNam.cpp(8,9): error C3861: 'KiemTraHopLe': identifier not found
C:\code\OOP\OOP-LT\TH2-24521556\TH2-Bai5\NgayThangNam.cpp(21,20): error C2039: 'NamNhuan': is not a member of 'NgayThangNam'
      C:\code\OOP\OOP-LT\TH2-24521556\TH2-Bai5\NgayThangNam.h(8,7):
      see declaration of 'NgayThangNam'
  
C:\code\OOP\OOP-LT\TH2-24521556\TH2-Bai5\NgayThangNam.cpp(26,19): error C2511: 'int NgayThangNam::SoNgayTrongThang(int,int)': overloaded member function not found in 'NgayThangNam'
      C:\code\OOP\OOP-LT\TH2-24521556\TH2-Bai5\NgayThangNam.h(8,7):
      see declaration of 'NgayThangNam'
  
C:\code\OOP\OOP-LT\TH2-24521556\TH2-Bai5\NgayThangNam.cpp(33,20): error C2039: 'KiemTraHopLe': is not a member of 'NgayThangNam'
      C:\code\OOP\OOP-LT\TH2-24521556\TH2-Bai5\NgayThangNam.h(8,7):
      see declaration of 'NgayThangNam'
  
C:\code\OOP\OOP-LT\TH2-24521556\TH2-Bai5\NgayThangNam.cpp(34,49): error C3861: 'SoNgayTrongThang': identifier not found
C:\code\OOP\OOP-LT\TH2-24521556\TH2-Bai5\NgayThangNam.cpp(77,16): error C2660: 'NgayThangNam::SoNgayTrongThang': function does not take 2 arguments
      C:\code\OOP\OOP-LT\TH2-24521556\TH2-Bai5\NgayThangNam.h(35,9):
      see declaration of 'NgayThangNam::SoNgayTrongThang'
      C:\code\OOP\OOP-LT\TH2-24521556\TH2-Bai5\NgayThangNam.cpp(77,16):
      while trying to match the argument list '(int, int)'
  
C:\code\OOP\OOP-LT\TH2-24521556\TH2-Bai5\NgayThangNam.cpp(82,22): error C2039: 'LayThuTrongTuan': is not a member of 'NgayThangNam'
      C:\code\OOP\OOP-LT\TH2-24521556\TH2-Bai5\NgayThangNam.h(8,7):
      see declaration of 'NgayThangNam'
  
C:\code\OOP\OOP-LT\TH2-24521556\TH2-Bai5\NgayThangNam.cpp(84,28): error C2065: 'nam': undeclared identifier
C:\code\OOP\OOP-LT\TH2-24521556\TH2-Bai5\NgayThangNam.cpp(87,25): error C2065: 'thang': undeclared identifier
C:\code\OOP\OOP-LT\TH2-24521556\TH2-Bai5\NgayThangNam.cpp(88,42): error C2065: 'nam': undeclared identifier
C:\code\OOP\OOP-LT\TH2-24521556\TH2-Bai5\NgayThangNam.cpp(88,22): error C3861: 'SoNgayTrongThang': identifier not found
C:\code\OOP\OOP-LT\TH2-24521556\TH2-Bai5\NgayThangNam.cpp(90,18): error C2065: 'ngay': undeclared identifier
  Generating Code...
